<?xml version="1.0" encoding="UTF-8"?>
<!-- Generated by org.testng.reporters.JUnitXMLReporter -->
<testsuite ignored="0" hostname="DESKTOP-LUPLLIG" failures="3" tests="5" name="Test" time="47.519" errors="0" timestamp="2023-05-07T23:12:30 IST">
  <testcase classname="testcases.OneWayTripTest" name="SearchFlight" time="2.236">
    <failure type="org.openqa.selenium.ElementClickInterceptedException" message="element click intercepted: Element &amp;lt;div class=&amp;quot;css-1dbjc4n r-1awozwy r-z2wwpe r-1loqt21 r-18u37iz r-1777fci r-1g94qm0 r-1w50u8q r-ah5dr5 r-1otgn73&amp;quot; data-focusable=&amp;quot;true&amp;quot; tabindex=&amp;quot;0&amp;quot; data-testid=&amp;quot;home-page-flight-cta&amp;quot; style=&amp;quot;background-image: linear-gradient(rgb(252, 182, 62), rgb(247, 148, 29)); margin-left: 12px; padding-right: 20px; padding-left: 20px; width: 162px;&amp;quot;&amp;gt;...&amp;lt;/div&amp;gt; is not clickable at point (580, 522). Other element would receive the click: &amp;lt;div class=&amp;quot;css-1dbjc4n&amp;quot;&amp;gt;...&amp;lt;/div&amp;gt;
  (Session info: chrome=113.0.5672.64)
Build info: version: &amp;apos;4.9.0&amp;apos;, revision: &amp;apos;d7057100a6&amp;apos;
System info: os.name: &amp;apos;Windows 11&amp;apos;, os.arch: &amp;apos;amd64&amp;apos;, os.version: &amp;apos;10.0&amp;apos;, java.version: &amp;apos;19.0.2&amp;apos;
Driver info: org.openqa.selenium.chrome.ChromeDriver
Command: [a8f3f942ac21ec8cd74bb07c90258e43, clickElement {id=3A776ADCBE8545B18432F9F671712339_element_104}]
Capabilities {acceptInsecureCerts: false, browserName: chrome, browserVersion: 113.0.5672.64, chrome: {chromedriverVersion: 113.0.5672.63 (0e1a4471d5ae..., userDataDir: C:\Users\sanja\AppData\Loca...}, goog:chromeOptions: {debuggerAddress: localhost:56142}, networkConnectionEnabled: false, pageLoadStrategy: normal, platformName: WINDOWS, proxy: Proxy(), se:cdp: ws://localhost:56142/devtoo..., se:cdpVersion: 113.0.5672.64, setWindowRect: true, strictFileInteractability: false, timeouts: {implicit: 0, pageLoad: 300000, script: 30000}, unhandledPromptBehavior: dismiss and notify, webauthn:extension:credBlob: true, webauthn:extension:largeBlob: true, webauthn:extension:minPinLength: true, webauthn:extension:prf: true, webauthn:virtualAuthenticators: true}
Element: [[ChromeDriver: chrome on WINDOWS (a8f3f942ac21ec8cd74bb07c90258e43)] -&amp;gt; xpath: //div[@class=&amp;apos;css-1dbjc4n r-1awozwy r-z2wwpe r-1loqt21 r-18u37iz r-1777fci r-1g94qm0 r-1w50u8q r-ah5dr5 r-1otgn73&amp;apos;]]
Session ID: a8f3f942ac21ec8cd74bb07c90258e43">
      <![CDATA[org.openqa.selenium.ElementClickInterceptedException: element click intercepted: Element <div class="css-1dbjc4n r-1awozwy r-z2wwpe r-1loqt21 r-18u37iz r-1777fci r-1g94qm0 r-1w50u8q r-ah5dr5 r-1otgn73" data-focusable="true" tabindex="0" data-testid="home-page-flight-cta" style="background-image: linear-gradient(rgb(252, 182, 62), rgb(247, 148, 29)); margin-left: 12px; padding-right: 20px; padding-left: 20px; width: 162px;">...</div> is not clickable at point (580, 522). Other element would receive the click: <div class="css-1dbjc4n">...</div>
  (Session info: chrome=113.0.5672.64)
Build info: version: '4.9.0', revision: 'd7057100a6'
System info: os.name: 'Windows 11', os.arch: 'amd64', os.version: '10.0', java.version: '19.0.2'
Driver info: org.openqa.selenium.chrome.ChromeDriver
Command: [a8f3f942ac21ec8cd74bb07c90258e43, clickElement {id=3A776ADCBE8545B18432F9F671712339_element_104}]
Capabilities {acceptInsecureCerts: false, browserName: chrome, browserVersion: 113.0.5672.64, chrome: {chromedriverVersion: 113.0.5672.63 (0e1a4471d5ae..., userDataDir: C:\Users\sanja\AppData\Loca...}, goog:chromeOptions: {debuggerAddress: localhost:56142}, networkConnectionEnabled: false, pageLoadStrategy: normal, platformName: WINDOWS, proxy: Proxy(), se:cdp: ws://localhost:56142/devtoo..., se:cdpVersion: 113.0.5672.64, setWindowRect: true, strictFileInteractability: false, timeouts: {implicit: 0, pageLoad: 300000, script: 30000}, unhandledPromptBehavior: dismiss and notify, webauthn:extension:credBlob: true, webauthn:extension:largeBlob: true, webauthn:extension:minPinLength: true, webauthn:extension:prf: true, webauthn:virtualAuthenticators: true}
Element: [[ChromeDriver: chrome on WINDOWS (a8f3f942ac21ec8cd74bb07c90258e43)] -> xpath: //div[@class='css-1dbjc4n r-1awozwy r-z2wwpe r-1loqt21 r-18u37iz r-1777fci r-1g94qm0 r-1w50u8q r-ah5dr5 r-1otgn73']]
Session ID: a8f3f942ac21ec8cd74bb07c90258e43
at org.openqa.selenium.remote.codec.w3c.W3CHttpResponseCodec.createException(W3CHttpResponseCodec.java:200)
at org.openqa.selenium.remote.codec.w3c.W3CHttpResponseCodec.decode(W3CHttpResponseCodec.java:133)
at org.openqa.selenium.remote.codec.w3c.W3CHttpResponseCodec.decode(W3CHttpResponseCodec.java:53)
at org.openqa.selenium.remote.HttpCommandExecutor.execute(HttpCommandExecutor.java:193)
at org.openqa.selenium.remote.service.DriverCommandExecutor.invokeExecute(DriverCommandExecutor.java:183)
at org.openqa.selenium.remote.service.DriverCommandExecutor.execute(DriverCommandExecutor.java:158)
at org.openqa.selenium.remote.RemoteWebDriver.execute(RemoteWebDriver.java:543)
at org.openqa.selenium.remote.RemoteWebElement.execute(RemoteWebElement.java:257)
at org.openqa.selenium.remote.RemoteWebElement.click(RemoteWebElement.java:78)
at org.openqa.selenium.support.pagefactory.internal.LocatingElementHandler.invoke(LocatingElementHandler.java:52)
at jdk.proxy2/jdk.proxy2.$Proxy13.click(Unknown Source)
at pageObjects.OneWayTripPage.SearchBtn(OneWayTripPage.java:53)
at testcases.OneWayTripTest.SearchFlight(OneWayTripTest.java:19)
at java.base/java.util.ArrayList.forEach(ArrayList.java:1511)
... Removed 34 stack frames]]>
    </failure>
  </testcase> <!-- SearchFlight -->
  <testcase classname="testcases.RoundTripTest" name="SearchFlight" time="5.855">
    <failure type="org.openqa.selenium.ElementClickInterceptedException" message="element click intercepted: Element &amp;lt;div class=&amp;quot;css-1dbjc4n r-1awozwy r-z2wwpe r-1loqt21 r-18u37iz r-1777fci r-1g94qm0 r-1w50u8q r-ah5dr5 r-1otgn73&amp;quot; data-focusable=&amp;quot;true&amp;quot; tabindex=&amp;quot;0&amp;quot; data-testid=&amp;quot;home-page-flight-cta&amp;quot; style=&amp;quot;background-image: linear-gradient(rgb(252, 182, 62), rgb(247, 148, 29)); margin-left: 12px; padding-right: 20px; padding-left: 20px; width: 162px;&amp;quot;&amp;gt;...&amp;lt;/div&amp;gt; is not clickable at point (580, 522). Other element would receive the click: &amp;lt;div class=&amp;quot;css-1dbjc4n&amp;quot;&amp;gt;...&amp;lt;/div&amp;gt;
  (Session info: chrome=113.0.5672.64)
Build info: version: &amp;apos;4.9.0&amp;apos;, revision: &amp;apos;d7057100a6&amp;apos;
System info: os.name: &amp;apos;Windows 11&amp;apos;, os.arch: &amp;apos;amd64&amp;apos;, os.version: &amp;apos;10.0&amp;apos;, java.version: &amp;apos;19.0.2&amp;apos;
Driver info: org.openqa.selenium.chrome.ChromeDriver
Command: [0f068956dfacd396eb61ebed53ace775, clickElement {id=B0FDA96EA47F423779C3509BAAC36DDE_element_114}]
Capabilities {acceptInsecureCerts: false, browserName: chrome, browserVersion: 113.0.5672.64, chrome: {chromedriverVersion: 113.0.5672.63 (0e1a4471d5ae..., userDataDir: C:\Users\sanja\AppData\Loca...}, goog:chromeOptions: {debuggerAddress: localhost:56202}, networkConnectionEnabled: false, pageLoadStrategy: normal, platformName: WINDOWS, proxy: Proxy(), se:cdp: ws://localhost:56202/devtoo..., se:cdpVersion: 113.0.5672.64, setWindowRect: true, strictFileInteractability: false, timeouts: {implicit: 0, pageLoad: 300000, script: 30000}, unhandledPromptBehavior: dismiss and notify, webauthn:extension:credBlob: true, webauthn:extension:largeBlob: true, webauthn:extension:minPinLength: true, webauthn:extension:prf: true, webauthn:virtualAuthenticators: true}
Element: [[ChromeDriver: chrome on WINDOWS (0f068956dfacd396eb61ebed53ace775)] -&amp;gt; xpath: //div[@data-testid=&amp;apos;home-page-flight-cta&amp;apos;]]
Session ID: 0f068956dfacd396eb61ebed53ace775">
      <![CDATA[org.openqa.selenium.ElementClickInterceptedException: element click intercepted: Element <div class="css-1dbjc4n r-1awozwy r-z2wwpe r-1loqt21 r-18u37iz r-1777fci r-1g94qm0 r-1w50u8q r-ah5dr5 r-1otgn73" data-focusable="true" tabindex="0" data-testid="home-page-flight-cta" style="background-image: linear-gradient(rgb(252, 182, 62), rgb(247, 148, 29)); margin-left: 12px; padding-right: 20px; padding-left: 20px; width: 162px;">...</div> is not clickable at point (580, 522). Other element would receive the click: <div class="css-1dbjc4n">...</div>
  (Session info: chrome=113.0.5672.64)
Build info: version: '4.9.0', revision: 'd7057100a6'
System info: os.name: 'Windows 11', os.arch: 'amd64', os.version: '10.0', java.version: '19.0.2'
Driver info: org.openqa.selenium.chrome.ChromeDriver
Command: [0f068956dfacd396eb61ebed53ace775, clickElement {id=B0FDA96EA47F423779C3509BAAC36DDE_element_114}]
Capabilities {acceptInsecureCerts: false, browserName: chrome, browserVersion: 113.0.5672.64, chrome: {chromedriverVersion: 113.0.5672.63 (0e1a4471d5ae..., userDataDir: C:\Users\sanja\AppData\Loca...}, goog:chromeOptions: {debuggerAddress: localhost:56202}, networkConnectionEnabled: false, pageLoadStrategy: normal, platformName: WINDOWS, proxy: Proxy(), se:cdp: ws://localhost:56202/devtoo..., se:cdpVersion: 113.0.5672.64, setWindowRect: true, strictFileInteractability: false, timeouts: {implicit: 0, pageLoad: 300000, script: 30000}, unhandledPromptBehavior: dismiss and notify, webauthn:extension:credBlob: true, webauthn:extension:largeBlob: true, webauthn:extension:minPinLength: true, webauthn:extension:prf: true, webauthn:virtualAuthenticators: true}
Element: [[ChromeDriver: chrome on WINDOWS (0f068956dfacd396eb61ebed53ace775)] -> xpath: //div[@data-testid='home-page-flight-cta']]
Session ID: 0f068956dfacd396eb61ebed53ace775
at org.openqa.selenium.remote.codec.w3c.W3CHttpResponseCodec.createException(W3CHttpResponseCodec.java:200)
at org.openqa.selenium.remote.codec.w3c.W3CHttpResponseCodec.decode(W3CHttpResponseCodec.java:133)
at org.openqa.selenium.remote.codec.w3c.W3CHttpResponseCodec.decode(W3CHttpResponseCodec.java:53)
at org.openqa.selenium.remote.HttpCommandExecutor.execute(HttpCommandExecutor.java:193)
at org.openqa.selenium.remote.service.DriverCommandExecutor.invokeExecute(DriverCommandExecutor.java:183)
at org.openqa.selenium.remote.service.DriverCommandExecutor.execute(DriverCommandExecutor.java:158)
at org.openqa.selenium.remote.RemoteWebDriver.execute(RemoteWebDriver.java:543)
at org.openqa.selenium.remote.RemoteWebElement.execute(RemoteWebElement.java:257)
at org.openqa.selenium.remote.RemoteWebElement.click(RemoteWebElement.java:78)
at org.openqa.selenium.support.pagefactory.internal.LocatingElementHandler.invoke(LocatingElementHandler.java:52)
at jdk.proxy2/jdk.proxy2.$Proxy13.click(Unknown Source)
at pageObjects.RoundTripPage.Search(RoundTripPage.java:60)
at testcases.RoundTripTest.SearchFlight(RoundTripTest.java:23)
at java.base/java.util.ArrayList.forEach(ArrayList.java:1511)
... Removed 34 stack frames]]>
    </failure>
  </testcase> <!-- SearchFlight -->
  <testcase classname="testcases.LoginPageTest" name="loginwithValidcredentials" time="1.083"/>
  <testcase classname="testcases.LoginPageTest" name="loginwithInvalidcredentials" time="1.036"/>
  <testcase classname="testcases.SignUpTest" name="Signup" time="9.945">
    <failure type="org.openqa.selenium.ElementClickInterceptedException" message="element click intercepted: Element is not clickable at point (83, 814)
  (Session info: chrome=113.0.5672.64)
Build info: version: &amp;apos;4.9.0&amp;apos;, revision: &amp;apos;d7057100a6&amp;apos;
System info: os.name: &amp;apos;Windows 11&amp;apos;, os.arch: &amp;apos;amd64&amp;apos;, os.version: &amp;apos;10.0&amp;apos;, java.version: &amp;apos;19.0.2&amp;apos;
Driver info: org.openqa.selenium.chrome.ChromeDriver
Command: [a1e7468b1c3d04d97eadb9df1f748c46, clickElement {id=156B8ACD3A5C6BF7858B1EDE93286E65_element_60}]
Capabilities {acceptInsecureCerts: false, browserName: chrome, browserVersion: 113.0.5672.64, chrome: {chromedriverVersion: 113.0.5672.63 (0e1a4471d5ae..., userDataDir: C:\Users\sanja\AppData\Loca...}, goog:chromeOptions: {debuggerAddress: localhost:56379}, networkConnectionEnabled: false, pageLoadStrategy: normal, platformName: WINDOWS, proxy: Proxy(), se:cdp: ws://localhost:56379/devtoo..., se:cdpVersion: 113.0.5672.64, setWindowRect: true, strictFileInteractability: false, timeouts: {implicit: 0, pageLoad: 300000, script: 30000}, unhandledPromptBehavior: dismiss and notify, webauthn:extension:credBlob: true, webauthn:extension:largeBlob: true, webauthn:extension:minPinLength: true, webauthn:extension:prf: true, webauthn:virtualAuthenticators: true}
Element: [[ChromeDriver: chrome on WINDOWS (a1e7468b1c3d04d97eadb9df1f748c46)] -&amp;gt; xpath: //input[@class=&amp;apos;form-check-input mt-02&amp;apos;]]
Session ID: a1e7468b1c3d04d97eadb9df1f748c46">
      <![CDATA[org.openqa.selenium.ElementClickInterceptedException: element click intercepted: Element is not clickable at point (83, 814)
  (Session info: chrome=113.0.5672.64)
Build info: version: '4.9.0', revision: 'd7057100a6'
System info: os.name: 'Windows 11', os.arch: 'amd64', os.version: '10.0', java.version: '19.0.2'
Driver info: org.openqa.selenium.chrome.ChromeDriver
Command: [a1e7468b1c3d04d97eadb9df1f748c46, clickElement {id=156B8ACD3A5C6BF7858B1EDE93286E65_element_60}]
Capabilities {acceptInsecureCerts: false, browserName: chrome, browserVersion: 113.0.5672.64, chrome: {chromedriverVersion: 113.0.5672.63 (0e1a4471d5ae..., userDataDir: C:\Users\sanja\AppData\Loca...}, goog:chromeOptions: {debuggerAddress: localhost:56379}, networkConnectionEnabled: false, pageLoadStrategy: normal, platformName: WINDOWS, proxy: Proxy(), se:cdp: ws://localhost:56379/devtoo..., se:cdpVersion: 113.0.5672.64, setWindowRect: true, strictFileInteractability: false, timeouts: {implicit: 0, pageLoad: 300000, script: 30000}, unhandledPromptBehavior: dismiss and notify, webauthn:extension:credBlob: true, webauthn:extension:largeBlob: true, webauthn:extension:minPinLength: true, webauthn:extension:prf: true, webauthn:virtualAuthenticators: true}
Element: [[ChromeDriver: chrome on WINDOWS (a1e7468b1c3d04d97eadb9df1f748c46)] -> xpath: //input[@class='form-check-input mt-02']]
Session ID: a1e7468b1c3d04d97eadb9df1f748c46
at org.openqa.selenium.remote.codec.w3c.W3CHttpResponseCodec.createException(W3CHttpResponseCodec.java:200)
at org.openqa.selenium.remote.codec.w3c.W3CHttpResponseCodec.decode(W3CHttpResponseCodec.java:133)
at org.openqa.selenium.remote.codec.w3c.W3CHttpResponseCodec.decode(W3CHttpResponseCodec.java:53)
at org.openqa.selenium.remote.HttpCommandExecutor.execute(HttpCommandExecutor.java:193)
at org.openqa.selenium.remote.service.DriverCommandExecutor.invokeExecute(DriverCommandExecutor.java:183)
at org.openqa.selenium.remote.service.DriverCommandExecutor.execute(DriverCommandExecutor.java:158)
at org.openqa.selenium.remote.RemoteWebDriver.execute(RemoteWebDriver.java:543)
at org.openqa.selenium.remote.RemoteWebElement.execute(RemoteWebElement.java:257)
at org.openqa.selenium.remote.RemoteWebElement.click(RemoteWebElement.java:78)
at org.openqa.selenium.support.pagefactory.internal.LocatingElementHandler.invoke(LocatingElementHandler.java:52)
at jdk.proxy2/jdk.proxy2.$Proxy13.click(Unknown Source)
at pageObjects.SignUpPage.CheckboxAgree(SignUpPage.java:101)
at testcases.SignUpTest.Signup(SignUpTest.java:28)
at java.base/java.util.ArrayList.forEach(ArrayList.java:1511)
... Removed 34 stack frames]]>
    </failure>
  </testcase> <!-- Signup -->
</testsuite> <!-- Test -->
