<!DOCTYPE html PUBLIC "-//W3C//DTD XHTML 1.1//EN" "https://www.w3.org/TR/xhtml11/DTD/xhtml11.dtd">
<html xmlns="https://www.w3.org/1999/xhtml">
<head>
<meta http-equiv="content-type" content="text/html; charset=UTF-8"/>
<title>TestNG Report</title>
<style type="text/css">table {margin-bottom:10px;border-collapse:collapse;empty-cells:show}th,td {border:1px solid #009;padding:.25em .5em}th {vertical-align:bottom}td {vertical-align:top}table a {font-weight:bold}.stripe td {background-color: #E6EBF9}.num {text-align:right}.passedodd td {background-color: #3F3}.passedeven td {background-color: #0A0}.skippedodd td {background-color: #DDD}.skippedeven td {background-color: #CCC}.failedodd td,.attn {background-color: #F33}.failedeven td,.stripe .attn {background-color: #D00}.stacktrace {white-space:pre;font-family:monospace}.totop {font-size:85%;text-align:center;border-bottom:2px solid #000}.invisible {display:none}</style>
</head>
<body>
<table>
<tr><th>Test</th><th># Passed</th><th># Skipped</th><th># Retried</th><th># Failed</th><th>Time (ms)</th><th>Included Groups</th><th>Excluded Groups</th></tr>
<tr><th colspan="8">Suite</th></tr>
<tr><td><a href="#t0">Test</a></td><td class="num">2</td><td class="num">0</td><td class="num">0</td><td class="num attn">4</td><td class="num">61,170</td><td></td><td></td></tr>
</table>
<table id='summary'><thead><tr><th>Class</th><th>Method</th><th>Start</th><th>Time (ms)</th></tr></thead><tbody><tr><th colspan="4">Suite</th></tr></tbody><tbody id="t0"><tr><th colspan="4">Test &#8212; failed</th></tr><tr class="failedeven"><td rowspan="1">testcases.FlightSelectingPageTest</td><td><a href="#m0">SelectFlight</a></td><td rowspan="1">1683483323818</td><td rowspan="1">2254</td></tr><tr class="failedodd"><td rowspan="1">testcases.OneWayTripTest</td><td><a href="#m1">SearchFlight</a></td><td rowspan="1">1683483316463</td><td rowspan="1">2303</td></tr><tr class="failedeven"><td rowspan="1">testcases.RoundTripTest</td><td><a href="#m2">SearchFlight</a></td><td rowspan="1">1683483331669</td><td rowspan="1">5531</td></tr><tr class="failedodd"><td rowspan="1">testcases.SignUpTest</td><td><a href="#m3">Signup</a></td><td rowspan="1">1683483353586</td><td rowspan="1">17544</td></tr><tr><th colspan="4">Test &#8212; passed</th></tr><tr class="passedeven"><td rowspan="2">testcases.LoginPageTest</td><td><a href="#m4">loginwithInvalidcredentials</a></td><td rowspan="1">1683483347736</td><td rowspan="1">1181</td></tr><tr class="passedeven"><td><a href="#m5">loginwithValidcredentials</a></td><td rowspan="1">1683483342037</td><td rowspan="1">1067</td></tr></tbody>
</table>
<h2>Test</h2><h3 id="m0">testcases.FlightSelectingPageTest#SelectFlight</h3><table class="result"><tr><th>Exception</th></tr><tr><td><div class="stacktrace">org.openqa.selenium.ElementClickInterceptedException: element click intercepted: Element &lt;div class=&quot;css-1dbjc4n r-1awozwy r-z2wwpe r-1loqt21 r-18u37iz r-1777fci r-1g94qm0 r-1w50u8q r-ah5dr5 r-1otgn73&quot; data-focusable=&quot;true&quot; tabindex=&quot;0&quot; data-testid=&quot;home-page-flight-cta&quot; style=&quot;background-image: linear-gradient(rgb(252, 182, 62), rgb(247, 148, 29)); margin-left: 12px; padding-right: 20px; padding-left: 20px; width: 162px;&quot;&gt;...&lt;/div&gt; is not clickable at point (580, 522). Other element would receive the click: &lt;div class=&quot;css-1dbjc4n&quot;&gt;...&lt;/div&gt;
  (Session info: chrome=113.0.5672.64)
Build info: version: &apos;4.9.0&apos;, revision: &apos;d7057100a6&apos;
System info: os.name: &apos;Windows 11&apos;, os.arch: &apos;amd64&apos;, os.version: &apos;10.0&apos;, java.version: &apos;19.0.2&apos;
Driver info: org.openqa.selenium.chrome.ChromeDriver
Command: [e04d89a3ae6668cef37f6a2ecb3c5a62, clickElement {id=222CD4CEBB2D2BE9D1972114AA9CDEEE_element_41}]
Capabilities {acceptInsecureCerts: false, browserName: chrome, browserVersion: 113.0.5672.64, chrome: {chromedriverVersion: 113.0.5672.63 (0e1a4471d5ae..., userDataDir: C:\Users\sanja\AppData\Loca...}, goog:chromeOptions: {debuggerAddress: localhost:57657}, networkConnectionEnabled: false, pageLoadStrategy: normal, platformName: WINDOWS, proxy: Proxy(), se:cdp: ws://localhost:57657/devtoo..., se:cdpVersion: 113.0.5672.64, setWindowRect: true, strictFileInteractability: false, timeouts: {implicit: 0, pageLoad: 300000, script: 30000}, unhandledPromptBehavior: dismiss and notify, webauthn:extension:credBlob: true, webauthn:extension:largeBlob: true, webauthn:extension:minPinLength: true, webauthn:extension:prf: true, webauthn:virtualAuthenticators: true}
Element: [[ChromeDriver: chrome on WINDOWS (e04d89a3ae6668cef37f6a2ecb3c5a62)] -&gt; xpath: (//div[@data-testid=&apos;home-page-flight-cta&apos;])[1]]
Session ID: e04d89a3ae6668cef37f6a2ecb3c5a62
	at org.openqa.selenium.remote.codec.w3c.W3CHttpResponseCodec.createException(W3CHttpResponseCodec.java:200)
	at org.openqa.selenium.remote.codec.w3c.W3CHttpResponseCodec.decode(W3CHttpResponseCodec.java:133)
	at org.openqa.selenium.remote.codec.w3c.W3CHttpResponseCodec.decode(W3CHttpResponseCodec.java:53)
	at org.openqa.selenium.remote.HttpCommandExecutor.execute(HttpCommandExecutor.java:193)
	at org.openqa.selenium.remote.service.DriverCommandExecutor.invokeExecute(DriverCommandExecutor.java:183)
	at org.openqa.selenium.remote.service.DriverCommandExecutor.execute(DriverCommandExecutor.java:158)
	at org.openqa.selenium.remote.RemoteWebDriver.execute(RemoteWebDriver.java:543)
	at org.openqa.selenium.remote.RemoteWebElement.execute(RemoteWebElement.java:257)
	at org.openqa.selenium.remote.RemoteWebElement.click(RemoteWebElement.java:78)
	at org.openqa.selenium.support.pagefactory.internal.LocatingElementHandler.invoke(LocatingElementHandler.java:52)
	at jdk.proxy2/jdk.proxy2.$Proxy16.click(Unknown Source)
	at pageObjects.FlightSelectingPage.SearchBtn(FlightSelectingPage.java:60)
	at testcases.FlightSelectingPageTest.SelectFlight(FlightSelectingPageTest.java:16)
	at java.base/java.util.ArrayList.forEach(ArrayList.java:1511)
... Removed 30 stack frames</div></td></tr></table><p class="totop"><a href="#summary">back to summary</a></p>
<h3 id="m1">testcases.OneWayTripTest#SearchFlight</h3><table class="result"><tr><th>Exception</th></tr><tr><td><div class="stacktrace">org.openqa.selenium.ElementClickInterceptedException: element click intercepted: Element &lt;div class=&quot;css-1dbjc4n r-1awozwy r-z2wwpe r-1loqt21 r-18u37iz r-1777fci r-1g94qm0 r-1w50u8q r-ah5dr5 r-1otgn73&quot; data-focusable=&quot;true&quot; tabindex=&quot;0&quot; data-testid=&quot;home-page-flight-cta&quot; style=&quot;background-image: linear-gradient(rgb(252, 182, 62), rgb(247, 148, 29)); margin-left: 12px; padding-right: 20px; padding-left: 20px; width: 162px;&quot;&gt;...&lt;/div&gt; is not clickable at point (580, 522). Other element would receive the click: &lt;div class=&quot;css-1dbjc4n&quot;&gt;...&lt;/div&gt;
  (Session info: chrome=113.0.5672.64)
Build info: version: &apos;4.9.0&apos;, revision: &apos;d7057100a6&apos;
System info: os.name: &apos;Windows 11&apos;, os.arch: &apos;amd64&apos;, os.version: &apos;10.0&apos;, java.version: &apos;19.0.2&apos;
Driver info: org.openqa.selenium.chrome.ChromeDriver
Command: [bf9a4fd89c0dae168f34688b72a2b54e, clickElement {id=9DF3C4CCCC7FF5B3A7EAB3DB4924BA1A_element_41}]
Capabilities {acceptInsecureCerts: false, browserName: chrome, browserVersion: 113.0.5672.64, chrome: {chromedriverVersion: 113.0.5672.63 (0e1a4471d5ae..., userDataDir: C:\Users\sanja\AppData\Loca...}, goog:chromeOptions: {debuggerAddress: localhost:57600}, networkConnectionEnabled: false, pageLoadStrategy: normal, platformName: WINDOWS, proxy: Proxy(), se:cdp: ws://localhost:57600/devtoo..., se:cdpVersion: 113.0.5672.64, setWindowRect: true, strictFileInteractability: false, timeouts: {implicit: 0, pageLoad: 300000, script: 30000}, unhandledPromptBehavior: dismiss and notify, webauthn:extension:credBlob: true, webauthn:extension:largeBlob: true, webauthn:extension:minPinLength: true, webauthn:extension:prf: true, webauthn:virtualAuthenticators: true}
Element: [[ChromeDriver: chrome on WINDOWS (bf9a4fd89c0dae168f34688b72a2b54e)] -&gt; xpath: (//div[@data-testid=&apos;home-page-flight-cta&apos;])[1]]
Session ID: bf9a4fd89c0dae168f34688b72a2b54e
	at org.openqa.selenium.remote.codec.w3c.W3CHttpResponseCodec.createException(W3CHttpResponseCodec.java:200)
	at org.openqa.selenium.remote.codec.w3c.W3CHttpResponseCodec.decode(W3CHttpResponseCodec.java:133)
	at org.openqa.selenium.remote.codec.w3c.W3CHttpResponseCodec.decode(W3CHttpResponseCodec.java:53)
	at org.openqa.selenium.remote.HttpCommandExecutor.execute(HttpCommandExecutor.java:193)
	at org.openqa.selenium.remote.service.DriverCommandExecutor.invokeExecute(DriverCommandExecutor.java:183)
	at org.openqa.selenium.remote.service.DriverCommandExecutor.execute(DriverCommandExecutor.java:158)
	at org.openqa.selenium.remote.RemoteWebDriver.execute(RemoteWebDriver.java:543)
	at org.openqa.selenium.remote.RemoteWebElement.execute(RemoteWebElement.java:257)
	at org.openqa.selenium.remote.RemoteWebElement.click(RemoteWebElement.java:78)
	at org.openqa.selenium.support.pagefactory.internal.LocatingElementHandler.invoke(LocatingElementHandler.java:52)
	at jdk.proxy2/jdk.proxy2.$Proxy16.click(Unknown Source)
	at pageObjects.OneWayTripPage.SearchBtn(OneWayTripPage.java:53)
	at testcases.OneWayTripTest.SearchFlight(OneWayTripTest.java:20)
	at java.base/java.util.ArrayList.forEach(ArrayList.java:1511)
... Removed 30 stack frames</div></td></tr></table><p class="totop"><a href="#summary">back to summary</a></p>
<h3 id="m2">testcases.RoundTripTest#SearchFlight</h3><table class="result"><tr><th>Exception</th></tr><tr><td><div class="stacktrace">org.openqa.selenium.ElementClickInterceptedException: element click intercepted: Element &lt;div class=&quot;css-1dbjc4n r-1awozwy r-z2wwpe r-1loqt21 r-18u37iz r-1777fci r-1g94qm0 r-1w50u8q r-ah5dr5 r-1otgn73&quot; data-focusable=&quot;true&quot; tabindex=&quot;0&quot; data-testid=&quot;home-page-flight-cta&quot; style=&quot;background-image: linear-gradient(rgb(252, 182, 62), rgb(247, 148, 29)); margin-left: 12px; padding-right: 20px; padding-left: 20px; width: 162px;&quot;&gt;...&lt;/div&gt; is not clickable at point (580, 522). Other element would receive the click: &lt;div class=&quot;css-1dbjc4n&quot;&gt;...&lt;/div&gt;
  (Session info: chrome=113.0.5672.64)
Build info: version: &apos;4.9.0&apos;, revision: &apos;d7057100a6&apos;
System info: os.name: &apos;Windows 11&apos;, os.arch: &apos;amd64&apos;, os.version: &apos;10.0&apos;, java.version: &apos;19.0.2&apos;
Driver info: org.openqa.selenium.chrome.ChromeDriver
Command: [415f054a8186abdfd83b21e08f8f483e, clickElement {id=ACB2C9021549285EA383163D7BA57D18_element_43}]
Capabilities {acceptInsecureCerts: false, browserName: chrome, browserVersion: 113.0.5672.64, chrome: {chromedriverVersion: 113.0.5672.63 (0e1a4471d5ae..., userDataDir: C:\Users\sanja\AppData\Loca...}, goog:chromeOptions: {debuggerAddress: localhost:57714}, networkConnectionEnabled: false, pageLoadStrategy: normal, platformName: WINDOWS, proxy: Proxy(), se:cdp: ws://localhost:57714/devtoo..., se:cdpVersion: 113.0.5672.64, setWindowRect: true, strictFileInteractability: false, timeouts: {implicit: 0, pageLoad: 300000, script: 30000}, unhandledPromptBehavior: dismiss and notify, webauthn:extension:credBlob: true, webauthn:extension:largeBlob: true, webauthn:extension:minPinLength: true, webauthn:extension:prf: true, webauthn:virtualAuthenticators: true}
Element: [[ChromeDriver: chrome on WINDOWS (415f054a8186abdfd83b21e08f8f483e)] -&gt; xpath: //div[@data-testid=&apos;home-page-flight-cta&apos;]]
Session ID: 415f054a8186abdfd83b21e08f8f483e
	at org.openqa.selenium.remote.codec.w3c.W3CHttpResponseCodec.createException(W3CHttpResponseCodec.java:200)
	at org.openqa.selenium.remote.codec.w3c.W3CHttpResponseCodec.decode(W3CHttpResponseCodec.java:133)
	at org.openqa.selenium.remote.codec.w3c.W3CHttpResponseCodec.decode(W3CHttpResponseCodec.java:53)
	at org.openqa.selenium.remote.HttpCommandExecutor.execute(HttpCommandExecutor.java:193)
	at org.openqa.selenium.remote.service.DriverCommandExecutor.invokeExecute(DriverCommandExecutor.java:183)
	at org.openqa.selenium.remote.service.DriverCommandExecutor.execute(DriverCommandExecutor.java:158)
	at org.openqa.selenium.remote.RemoteWebDriver.execute(RemoteWebDriver.java:543)
	at org.openqa.selenium.remote.RemoteWebElement.execute(RemoteWebElement.java:257)
	at org.openqa.selenium.remote.RemoteWebElement.click(RemoteWebElement.java:78)
	at org.openqa.selenium.support.pagefactory.internal.LocatingElementHandler.invoke(LocatingElementHandler.java:52)
	at jdk.proxy2/jdk.proxy2.$Proxy16.click(Unknown Source)
	at pageObjects.RoundTripPage.Search(RoundTripPage.java:60)
	at testcases.RoundTripTest.SearchFlight(RoundTripTest.java:24)
	at java.base/java.util.ArrayList.forEach(ArrayList.java:1511)
... Removed 30 stack frames</div></td></tr></table><p class="totop"><a href="#summary">back to summary</a></p>
<h3 id="m3">testcases.SignUpTest#Signup</h3><table class="result"><tr><th>Exception</th></tr><tr><td><div class="stacktrace">org.openqa.selenium.ElementClickInterceptedException: element click intercepted: Element is not clickable at point (83, 817)
  (Session info: chrome=113.0.5672.64)
Build info: version: &apos;4.9.0&apos;, revision: &apos;d7057100a6&apos;
System info: os.name: &apos;Windows 11&apos;, os.arch: &apos;amd64&apos;, os.version: &apos;10.0&apos;, java.version: &apos;19.0.2&apos;
Driver info: org.openqa.selenium.chrome.ChromeDriver
Command: [3fa63fb58af1bd8eb3388a04291c371c, clickElement {id=7F598369839075BDB20C54BE837A3229_element_46}]
Capabilities {acceptInsecureCerts: false, browserName: chrome, browserVersion: 113.0.5672.64, chrome: {chromedriverVersion: 113.0.5672.63 (0e1a4471d5ae..., userDataDir: C:\Users\sanja\AppData\Loca...}, goog:chromeOptions: {debuggerAddress: localhost:57890}, networkConnectionEnabled: false, pageLoadStrategy: normal, platformName: WINDOWS, proxy: Proxy(), se:cdp: ws://localhost:57890/devtoo..., se:cdpVersion: 113.0.5672.64, setWindowRect: true, strictFileInteractability: false, timeouts: {implicit: 0, pageLoad: 300000, script: 30000}, unhandledPromptBehavior: dismiss and notify, webauthn:extension:credBlob: true, webauthn:extension:largeBlob: true, webauthn:extension:minPinLength: true, webauthn:extension:prf: true, webauthn:virtualAuthenticators: true}
Element: [[ChromeDriver: chrome on WINDOWS (3fa63fb58af1bd8eb3388a04291c371c)] -&gt; xpath: //input[@class=&apos;form-check-input mt-02&apos;]]
Session ID: 3fa63fb58af1bd8eb3388a04291c371c
	at org.openqa.selenium.remote.codec.w3c.W3CHttpResponseCodec.createException(W3CHttpResponseCodec.java:200)
	at org.openqa.selenium.remote.codec.w3c.W3CHttpResponseCodec.decode(W3CHttpResponseCodec.java:133)
	at org.openqa.selenium.remote.codec.w3c.W3CHttpResponseCodec.decode(W3CHttpResponseCodec.java:53)
	at org.openqa.selenium.remote.HttpCommandExecutor.execute(HttpCommandExecutor.java:193)
	at org.openqa.selenium.remote.service.DriverCommandExecutor.invokeExecute(DriverCommandExecutor.java:183)
	at org.openqa.selenium.remote.service.DriverCommandExecutor.execute(DriverCommandExecutor.java:158)
	at org.openqa.selenium.remote.RemoteWebDriver.execute(RemoteWebDriver.java:543)
	at org.openqa.selenium.remote.RemoteWebElement.execute(RemoteWebElement.java:257)
	at org.openqa.selenium.remote.RemoteWebElement.click(RemoteWebElement.java:78)
	at org.openqa.selenium.support.pagefactory.internal.LocatingElementHandler.invoke(LocatingElementHandler.java:52)
	at jdk.proxy2/jdk.proxy2.$Proxy16.click(Unknown Source)
	at pageObjects.SignUpPage.CheckboxAgree(SignUpPage.java:101)
	at testcases.SignUpTest.Signup(SignUpTest.java:29)
	at java.base/java.util.ArrayList.forEach(ArrayList.java:1511)
... Removed 30 stack frames</div></td></tr></table><p class="totop"><a href="#summary">back to summary</a></p>
<h3 id="m4">testcases.LoginPageTest#loginwithInvalidcredentials</h3><table class="result"><tr><th class="invisible"/></tr></table><p class="totop"><a href="#summary">back to summary</a></p>
<h3 id="m5">testcases.LoginPageTest#loginwithValidcredentials</h3><table class="result"><tr><th class="invisible"/></tr></table><p class="totop"><a href="#summary">back to summary</a></p>
</body>
</html>
